This is pdfTeX, Version 3.141592653-2.6-1.40.22 (TeX Live 2021) (preloaded format=pdflatex 2021.5.11)  11 MAY 2021 17:52
entering extended mode
 restricted \write18 enabled.
 %&-line parsing enabled.
**Reasons.tex
(./Reasons.tex
LaTeX2e <2020-10-01> patch level 4
L3 programming layer <2021-05-07>

! LaTeX Error: File `article.cls' not found.

Type X to quit or <RETURN> to proceed,
or enter new name. (Default extension: cls)

Enter file name: 
! Interruption.
<to be read again> 
                   }
l.2 \usepackage
               {titling}^^M
? 
! Emergency stop.
<to be read again> 
                   }
l.2 \usepackage
               {titling}^^M
End of file on the terminal!

 
Here is how much of TeX's memory you used:
 23 strings out of 480703
 470 string characters out of 5901623
 281784 words of memory out of 5000000
 17517 multiletter control sequences out of 15000+600000
 403430 words of font info for 27 fonts, out of 8000000 for 9000
 62 hyphenation exceptions out of 8191
 19i,0n,27p,72b,13s stack positions out of 5000i,500n,10000p,200000b,80000s
!  ==> Fatal error occurred, no output PDF file produced!
